<?xml version="1.0" encoding="UTF-8"?>
<testng-results skipped="0" failed="0" total="1" passed="1">
  <reporter-output>
  </reporter-output>
  <suite name="Default suite" duration-ms="30996" started-at="2019-12-08T09:29:16Z" finished-at="2019-12-08T09:29:47Z">
    <groups>
    </groups>
    <test name="Default test" duration-ms="30996" started-at="2019-12-08T09:29:16Z" finished-at="2019-12-08T09:29:47Z">
      <class name="com.testng.javasample.Sample">
        <test-method status="PASS" signature="test()[pri:0, instance:com.testng.javasample.Sample@357246de]" name="test" duration-ms="30968" started-at="2019-12-08T14:59:16Z" finished-at="2019-12-08T14:59:47Z">
          <reporter-output>
          </reporter-output>
        </test-method> <!-- test -->
      </class> <!-- com.testng.javasample.Sample -->
    </test> <!-- Default test -->
  </suite> <!-- Default suite -->
</testng-results>
